2020-11-02 17:30:25 [::1][1][h04pbft5v9u0n8103frhir9fj3][error][yii\web\HttpException:404] yii\base\InvalidRouteException: Unable to resolve the request "category". in C:\xampp\htdocs\phoneworld_yii2\vendor\yiisoft\yii2\base\Module.php:537
Stack trace:
#0 C:\xampp\htdocs\phoneworld_yii2\vendor\yiisoft\yii2\web\Application.php(103): yii\base\Module->runAction('category', Array)
#1 C:\xampp\htdocs\phoneworld_yii2\vendor\yiisoft\yii2\base\Application.php(386): yii\web\Application->handleRequest(Object(yii\web\Request))
#2 C:\xampp\htdocs\phoneworld_yii2\backend\web\index.php(17): yii\base\Application->run()
#3 {main}

Next yii\web\NotFoundHttpException: Page not found. in C:\xampp\htdocs\phoneworld_yii2\vendor\yiisoft\yii2\web\Application.php:115
Stack trace:
#0 C:\xampp\htdocs\phoneworld_yii2\vendor\yiisoft\yii2\base\Application.php(386): yii\web\Application->handleRequest(Object(yii\web\Request))
#1 C:\xampp\htdocs\phoneworld_yii2\backend\web\index.php(17): yii\base\Application->run()
#2 {main}
2020-11-02 17:30:24 [::1][1][h04pbft5v9u0n8103frhir9fj3][info][application] $_GET = [
    'r' => 'category'
]

$_POST = []

$_FILES = []

$_COOKIE = [
    'advanced-backend' => 'h04pbft5v9u0n8103frhir9fj3'
    '_csrf-backend' => 'b2eac2445462319e962e7cbcd0ecd7473cd27fa8b72701fdc0d7bb7a5ce3ba27a:2:{i:0;s:13:\"_csrf-backend\";i:1;s:32:\"UOGQOwlxep7XMGk-6ONEL_Djj8YquCgJ\";}'
]

$_SESSION = [
    '__flash' => []
    '__returnUrl' => 'http://localhost/phoneworld_yii2/backend/web/'
    '__id' => 1
]

$_SERVER = [
    'MIBDIRS' => 'C:/xampp/php/extras/mibs'
    'MYSQL_HOME' => '\\xampp\\mysql\\bin'
    'OPENSSL_CONF' => 'C:/xampp/apache/bin/openssl.cnf'
    'PHP_PEAR_SYSCONF_DIR' => '\\xampp\\php'
    'PHPRC' => '\\xampp\\php'
    'TMP' => '\\xampp\\tmp'
    'HTTP_HOST' => 'localhost'
    'HTTP_CONNECTION' => 'keep-alive'
    'HTTP_UPGRADE_INSECURE_REQUESTS' => '1'
    'HTTP_USER_AGENT' => 'Mozilla/5.0 (Windows NT 10.0; Win64; x64) AppleWebKit/537.36 (KHTML, like Gecko) Chrome/86.0.4240.111 Safari/537.36'
    'HTTP_ACCEPT' => 'text/html,application/xhtml+xml,application/xml;q=0.9,image/avif,image/webp,image/apng,*/*;q=0.8,application/signed-exchange;v=b3;q=0.9'
    'HTTP_SEC_FETCH_SITE' => 'same-origin'
    'HTTP_SEC_FETCH_MODE' => 'navigate'
    'HTTP_SEC_FETCH_USER' => '?1'
    'HTTP_SEC_FETCH_DEST' => 'document'
    'HTTP_REFERER' => 'http://localhost/phoneworld_yii2/backend/web/'
    'HTTP_ACCEPT_ENCODING' => 'gzip, deflate, br'
    'HTTP_ACCEPT_LANGUAGE' => 'en-US,en;q=0.9'
    'HTTP_COOKIE' => 'advanced-backend=h04pbft5v9u0n8103frhir9fj3; _csrf-backend=b2eac2445462319e962e7cbcd0ecd7473cd27fa8b72701fdc0d7bb7a5ce3ba27a%3A2%3A%7Bi%3A0%3Bs%3A13%3A%22_csrf-backend%22%3Bi%3A1%3Bs%3A32%3A%22UOGQOwlxep7XMGk-6ONEL_Djj8YquCgJ%22%3B%7D'
    'PATH' => 'C:\\Users\\Dung\\Downloads\\Compressed\\WINDOWS.X64_193000_db_home\\bin;C:\\Windows\\system32;C:\\Windows;C:\\Windows\\System32\\Wbem;C:\\Windows\\System32\\WindowsPowerShell\\v1.0\\;C:\\Windows\\System32\\OpenSSH\\;C:\\Program Files (x86)\\Windows Live\\Shared;D:\\Git\\cmd;C:\\xampp\\php;C:\\Users\\Dung\\AppData\\Local\\Programs\\Python\\Python38-32\\Scripts\\;C:\\Users\\Dung\\AppData\\Local\\Programs\\Python\\Python38-32\\;C:\\Users\\Dung\\AppData\\Local\\Microsoft\\WindowsApps;;C:\\Users\\Dung\\AppData\\Local\\Programs\\Microsoft VS Code\\bin'
    'SystemRoot' => 'C:\\Windows'
    'COMSPEC' => 'C:\\Windows\\system32\\cmd.exe'
    'PATHEXT' => '.COM;.EXE;.BAT;.CMD;.VBS;.VBE;.JS;.JSE;.WSF;.WSH;.MSC'
    'WINDIR' => 'C:\\Windows'
    'SERVER_SIGNATURE' => '<address>Apache/2.4.46 (Win64) OpenSSL/1.1.1g PHP/7.4.9 Server at localhost Port 80</address>
'
    'SERVER_SOFTWARE' => 'Apache/2.4.46 (Win64) OpenSSL/1.1.1g PHP/7.4.9'
    'SERVER_NAME' => 'localhost'
    'SERVER_ADDR' => '::1'
    'SERVER_PORT' => '80'
    'REMOTE_ADDR' => '::1'
    'DOCUMENT_ROOT' => 'C:/xampp/htdocs'
    'REQUEST_SCHEME' => 'http'
    'CONTEXT_PREFIX' => ''
    'CONTEXT_DOCUMENT_ROOT' => 'C:/xampp/htdocs'
    'SERVER_ADMIN' => 'postmaster@localhost'
    'SCRIPT_FILENAME' => 'C:/xampp/htdocs/phoneworld_yii2/backend/web/index.php'
    'REMOTE_PORT' => '51534'
    'GATEWAY_INTERFACE' => 'CGI/1.1'
    'SERVER_PROTOCOL' => 'HTTP/1.1'
    'REQUEST_METHOD' => 'GET'
    'QUERY_STRING' => 'r=category'
    'REQUEST_URI' => '/phoneworld_yii2/backend/web/index.php?r=category'
    'SCRIPT_NAME' => '/phoneworld_yii2/backend/web/index.php'
    'PHP_SELF' => '/phoneworld_yii2/backend/web/index.php'
    'REQUEST_TIME_FLOAT' => 1604334624.8417
    'REQUEST_TIME' => 1604334624
]
2020-11-02 17:30:27 [::1][1][h04pbft5v9u0n8103frhir9fj3][error][yii\web\HttpException:404] yii\base\InvalidRouteException: Unable to resolve the request "category". in C:\xampp\htdocs\phoneworld_yii2\vendor\yiisoft\yii2\base\Module.php:537
Stack trace:
#0 C:\xampp\htdocs\phoneworld_yii2\vendor\yiisoft\yii2\web\Application.php(103): yii\base\Module->runAction('category', Array)
#1 C:\xampp\htdocs\phoneworld_yii2\vendor\yiisoft\yii2\base\Application.php(386): yii\web\Application->handleRequest(Object(yii\web\Request))
#2 C:\xampp\htdocs\phoneworld_yii2\backend\web\index.php(17): yii\base\Application->run()
#3 {main}

Next yii\web\NotFoundHttpException: Page not found. in C:\xampp\htdocs\phoneworld_yii2\vendor\yiisoft\yii2\web\Application.php:115
Stack trace:
#0 C:\xampp\htdocs\phoneworld_yii2\vendor\yiisoft\yii2\base\Application.php(386): yii\web\Application->handleRequest(Object(yii\web\Request))
#1 C:\xampp\htdocs\phoneworld_yii2\backend\web\index.php(17): yii\base\Application->run()
#2 {main}
2020-11-02 17:30:27 [::1][1][h04pbft5v9u0n8103frhir9fj3][info][application] $_GET = [
    'r' => 'category'
]

$_POST = []

$_FILES = []

$_COOKIE = [
    'advanced-backend' => 'h04pbft5v9u0n8103frhir9fj3'
    '_csrf-backend' => 'b2eac2445462319e962e7cbcd0ecd7473cd27fa8b72701fdc0d7bb7a5ce3ba27a:2:{i:0;s:13:\"_csrf-backend\";i:1;s:32:\"UOGQOwlxep7XMGk-6ONEL_Djj8YquCgJ\";}'
]

$_SESSION = [
    '__flash' => []
    '__returnUrl' => 'http://localhost/phoneworld_yii2/backend/web/'
    '__id' => 1
]

$_SERVER = [
    'MIBDIRS' => 'C:/xampp/php/extras/mibs'
    'MYSQL_HOME' => '\\xampp\\mysql\\bin'
    'OPENSSL_CONF' => 'C:/xampp/apache/bin/openssl.cnf'
    'PHP_PEAR_SYSCONF_DIR' => '\\xampp\\php'
    'PHPRC' => '\\xampp\\php'
    'TMP' => '\\xampp\\tmp'
    'HTTP_HOST' => 'localhost'
    'HTTP_CONNECTION' => 'keep-alive'
    'HTTP_UPGRADE_INSECURE_REQUESTS' => '1'
    'HTTP_USER_AGENT' => 'Mozilla/5.0 (Windows NT 10.0; Win64; x64) AppleWebKit/537.36 (KHTML, like Gecko) Chrome/86.0.4240.111 Safari/537.36'
    'HTTP_ACCEPT' => 'text/html,application/xhtml+xml,application/xml;q=0.9,image/avif,image/webp,image/apng,*/*;q=0.8,application/signed-exchange;v=b3;q=0.9'
    'HTTP_SEC_FETCH_SITE' => 'same-origin'
    'HTTP_SEC_FETCH_MODE' => 'navigate'
    'HTTP_SEC_FETCH_USER' => '?1'
    'HTTP_SEC_FETCH_DEST' => 'document'
    'HTTP_REFERER' => 'http://localhost/phoneworld_yii2/backend/web/index.php?r=category'
    'HTTP_ACCEPT_ENCODING' => 'gzip, deflate, br'
    'HTTP_ACCEPT_LANGUAGE' => 'en-US,en;q=0.9'
    'HTTP_COOKIE' => 'advanced-backend=h04pbft5v9u0n8103frhir9fj3; _csrf-backend=b2eac2445462319e962e7cbcd0ecd7473cd27fa8b72701fdc0d7bb7a5ce3ba27a%3A2%3A%7Bi%3A0%3Bs%3A13%3A%22_csrf-backend%22%3Bi%3A1%3Bs%3A32%3A%22UOGQOwlxep7XMGk-6ONEL_Djj8YquCgJ%22%3B%7D'
    'PATH' => 'C:\\Users\\Dung\\Downloads\\Compressed\\WINDOWS.X64_193000_db_home\\bin;C:\\Windows\\system32;C:\\Windows;C:\\Windows\\System32\\Wbem;C:\\Windows\\System32\\WindowsPowerShell\\v1.0\\;C:\\Windows\\System32\\OpenSSH\\;C:\\Program Files (x86)\\Windows Live\\Shared;D:\\Git\\cmd;C:\\xampp\\php;C:\\Users\\Dung\\AppData\\Local\\Programs\\Python\\Python38-32\\Scripts\\;C:\\Users\\Dung\\AppData\\Local\\Programs\\Python\\Python38-32\\;C:\\Users\\Dung\\AppData\\Local\\Microsoft\\WindowsApps;;C:\\Users\\Dung\\AppData\\Local\\Programs\\Microsoft VS Code\\bin'
    'SystemRoot' => 'C:\\Windows'
    'COMSPEC' => 'C:\\Windows\\system32\\cmd.exe'
    'PATHEXT' => '.COM;.EXE;.BAT;.CMD;.VBS;.VBE;.JS;.JSE;.WSF;.WSH;.MSC'
    'WINDIR' => 'C:\\Windows'
    'SERVER_SIGNATURE' => '<address>Apache/2.4.46 (Win64) OpenSSL/1.1.1g PHP/7.4.9 Server at localhost Port 80</address>
'
    'SERVER_SOFTWARE' => 'Apache/2.4.46 (Win64) OpenSSL/1.1.1g PHP/7.4.9'
    'SERVER_NAME' => 'localhost'
    'SERVER_ADDR' => '::1'
    'SERVER_PORT' => '80'
    'REMOTE_ADDR' => '::1'
    'DOCUMENT_ROOT' => 'C:/xampp/htdocs'
    'REQUEST_SCHEME' => 'http'
    'CONTEXT_PREFIX' => ''
    'CONTEXT_DOCUMENT_ROOT' => 'C:/xampp/htdocs'
    'SERVER_ADMIN' => 'postmaster@localhost'
    'SCRIPT_FILENAME' => 'C:/xampp/htdocs/phoneworld_yii2/backend/web/index.php'
    'REMOTE_PORT' => '51534'
    'GATEWAY_INTERFACE' => 'CGI/1.1'
    'SERVER_PROTOCOL' => 'HTTP/1.1'
    'REQUEST_METHOD' => 'GET'
    'QUERY_STRING' => 'r=category'
    'REQUEST_URI' => '/phoneworld_yii2/backend/web/index.php?r=category'
    'SCRIPT_NAME' => '/phoneworld_yii2/backend/web/index.php'
    'PHP_SELF' => '/phoneworld_yii2/backend/web/index.php'
    'REQUEST_TIME_FLOAT' => 1604334627.328
    'REQUEST_TIME' => 1604334627
]
2020-11-02 17:30:55 [::1][1][h04pbft5v9u0n8103frhir9fj3][error][yii\web\HttpException:404] yii\base\InvalidRouteException: Unable to resolve the request "category". in C:\xampp\htdocs\phoneworld_yii2\vendor\yiisoft\yii2\base\Module.php:537
Stack trace:
#0 C:\xampp\htdocs\phoneworld_yii2\vendor\yiisoft\yii2\web\Application.php(103): yii\base\Module->runAction('category', Array)
#1 C:\xampp\htdocs\phoneworld_yii2\vendor\yiisoft\yii2\base\Application.php(386): yii\web\Application->handleRequest(Object(yii\web\Request))
#2 C:\xampp\htdocs\phoneworld_yii2\backend\web\index.php(17): yii\base\Application->run()
#3 {main}

Next yii\web\NotFoundHttpException: Page not found. in C:\xampp\htdocs\phoneworld_yii2\vendor\yiisoft\yii2\web\Application.php:115
Stack trace:
#0 C:\xampp\htdocs\phoneworld_yii2\vendor\yiisoft\yii2\base\Application.php(386): yii\web\Application->handleRequest(Object(yii\web\Request))
#1 C:\xampp\htdocs\phoneworld_yii2\backend\web\index.php(17): yii\base\Application->run()
#2 {main}
2020-11-02 17:30:55 [::1][1][h04pbft5v9u0n8103frhir9fj3][info][application] $_GET = [
    'r' => 'category'
]

$_POST = []

$_FILES = []

$_COOKIE = [
    'advanced-backend' => 'h04pbft5v9u0n8103frhir9fj3'
    '_csrf-backend' => 'b2eac2445462319e962e7cbcd0ecd7473cd27fa8b72701fdc0d7bb7a5ce3ba27a:2:{i:0;s:13:\"_csrf-backend\";i:1;s:32:\"UOGQOwlxep7XMGk-6ONEL_Djj8YquCgJ\";}'
]

$_SESSION = [
    '__flash' => []
    '__returnUrl' => 'http://localhost/phoneworld_yii2/backend/web/'
    '__id' => 1
]

$_SERVER = [
    'MIBDIRS' => 'C:/xampp/php/extras/mibs'
    'MYSQL_HOME' => '\\xampp\\mysql\\bin'
    'OPENSSL_CONF' => 'C:/xampp/apache/bin/openssl.cnf'
    'PHP_PEAR_SYSCONF_DIR' => '\\xampp\\php'
    'PHPRC' => '\\xampp\\php'
    'TMP' => '\\xampp\\tmp'
    'HTTP_HOST' => 'localhost'
    'HTTP_CONNECTION' => 'keep-alive'
    'HTTP_CACHE_CONTROL' => 'max-age=0'
    'HTTP_UPGRADE_INSECURE_REQUESTS' => '1'
    'HTTP_USER_AGENT' => 'Mozilla/5.0 (Windows NT 10.0; Win64; x64) AppleWebKit/537.36 (KHTML, like Gecko) Chrome/86.0.4240.111 Safari/537.36'
    'HTTP_ACCEPT' => 'text/html,application/xhtml+xml,application/xml;q=0.9,image/avif,image/webp,image/apng,*/*;q=0.8,application/signed-exchange;v=b3;q=0.9'
    'HTTP_SEC_FETCH_SITE' => 'none'
    'HTTP_SEC_FETCH_MODE' => 'navigate'
    'HTTP_SEC_FETCH_USER' => '?1'
    'HTTP_SEC_FETCH_DEST' => 'document'
    'HTTP_ACCEPT_ENCODING' => 'gzip, deflate, br'
    'HTTP_ACCEPT_LANGUAGE' => 'en-US,en;q=0.9'
    'HTTP_COOKIE' => 'advanced-backend=h04pbft5v9u0n8103frhir9fj3; _csrf-backend=b2eac2445462319e962e7cbcd0ecd7473cd27fa8b72701fdc0d7bb7a5ce3ba27a%3A2%3A%7Bi%3A0%3Bs%3A13%3A%22_csrf-backend%22%3Bi%3A1%3Bs%3A32%3A%22UOGQOwlxep7XMGk-6ONEL_Djj8YquCgJ%22%3B%7D'
    'PATH' => 'C:\\Users\\Dung\\Downloads\\Compressed\\WINDOWS.X64_193000_db_home\\bin;C:\\Windows\\system32;C:\\Windows;C:\\Windows\\System32\\Wbem;C:\\Windows\\System32\\WindowsPowerShell\\v1.0\\;C:\\Windows\\System32\\OpenSSH\\;C:\\Program Files (x86)\\Windows Live\\Shared;D:\\Git\\cmd;C:\\xampp\\php;C:\\Users\\Dung\\AppData\\Local\\Programs\\Python\\Python38-32\\Scripts\\;C:\\Users\\Dung\\AppData\\Local\\Programs\\Python\\Python38-32\\;C:\\Users\\Dung\\AppData\\Local\\Microsoft\\WindowsApps;;C:\\Users\\Dung\\AppData\\Local\\Programs\\Microsoft VS Code\\bin'
    'SystemRoot' => 'C:\\Windows'
    'COMSPEC' => 'C:\\Windows\\system32\\cmd.exe'
    'PATHEXT' => '.COM;.EXE;.BAT;.CMD;.VBS;.VBE;.JS;.JSE;.WSF;.WSH;.MSC'
    'WINDIR' => 'C:\\Windows'
    'SERVER_SIGNATURE' => '<address>Apache/2.4.46 (Win64) OpenSSL/1.1.1g PHP/7.4.9 Server at localhost Port 80</address>
'
    'SERVER_SOFTWARE' => 'Apache/2.4.46 (Win64) OpenSSL/1.1.1g PHP/7.4.9'
    'SERVER_NAME' => 'localhost'
    'SERVER_ADDR' => '::1'
    'SERVER_PORT' => '80'
    'REMOTE_ADDR' => '::1'
    'DOCUMENT_ROOT' => 'C:/xampp/htdocs'
    'REQUEST_SCHEME' => 'http'
    'CONTEXT_PREFIX' => ''
    'CONTEXT_DOCUMENT_ROOT' => 'C:/xampp/htdocs'
    'SERVER_ADMIN' => 'postmaster@localhost'
    'SCRIPT_FILENAME' => 'C:/xampp/htdocs/phoneworld_yii2/backend/web/index.php'
    'REMOTE_PORT' => '51546'
    'GATEWAY_INTERFACE' => 'CGI/1.1'
    'SERVER_PROTOCOL' => 'HTTP/1.1'
    'REQUEST_METHOD' => 'GET'
    'QUERY_STRING' => 'r=category'
    'REQUEST_URI' => '/phoneworld_yii2/backend/web/index.php?r=category'
    'SCRIPT_NAME' => '/phoneworld_yii2/backend/web/index.php'
    'PHP_SELF' => '/phoneworld_yii2/backend/web/index.php'
    'REQUEST_TIME_FLOAT' => 1604334655.078
    'REQUEST_TIME' => 1604334655
]
2020-11-02 17:30:56 [::1][1][h04pbft5v9u0n8103frhir9fj3][error][yii\web\HttpException:404] yii\base\InvalidRouteException: Unable to resolve the request "category". in C:\xampp\htdocs\phoneworld_yii2\vendor\yiisoft\yii2\base\Module.php:537
Stack trace:
#0 C:\xampp\htdocs\phoneworld_yii2\vendor\yiisoft\yii2\web\Application.php(103): yii\base\Module->runAction('category', Array)
#1 C:\xampp\htdocs\phoneworld_yii2\vendor\yiisoft\yii2\base\Application.php(386): yii\web\Application->handleRequest(Object(yii\web\Request))
#2 C:\xampp\htdocs\phoneworld_yii2\backend\web\index.php(17): yii\base\Application->run()
#3 {main}

Next yii\web\NotFoundHttpException: Page not found. in C:\xampp\htdocs\phoneworld_yii2\vendor\yiisoft\yii2\web\Application.php:115
Stack trace:
#0 C:\xampp\htdocs\phoneworld_yii2\vendor\yiisoft\yii2\base\Application.php(386): yii\web\Application->handleRequest(Object(yii\web\Request))
#1 C:\xampp\htdocs\phoneworld_yii2\backend\web\index.php(17): yii\base\Application->run()
#2 {main}
2020-11-02 17:30:56 [::1][1][h04pbft5v9u0n8103frhir9fj3][info][application] $_GET = [
    'r' => 'category'
]

$_POST = []

$_FILES = []

$_COOKIE = [
    'advanced-backend' => 'h04pbft5v9u0n8103frhir9fj3'
    '_csrf-backend' => 'b2eac2445462319e962e7cbcd0ecd7473cd27fa8b72701fdc0d7bb7a5ce3ba27a:2:{i:0;s:13:\"_csrf-backend\";i:1;s:32:\"UOGQOwlxep7XMGk-6ONEL_Djj8YquCgJ\";}'
]

$_SESSION = [
    '__flash' => []
    '__returnUrl' => 'http://localhost/phoneworld_yii2/backend/web/'
    '__id' => 1
]

$_SERVER = [
    'MIBDIRS' => 'C:/xampp/php/extras/mibs'
    'MYSQL_HOME' => '\\xampp\\mysql\\bin'
    'OPENSSL_CONF' => 'C:/xampp/apache/bin/openssl.cnf'
    'PHP_PEAR_SYSCONF_DIR' => '\\xampp\\php'
    'PHPRC' => '\\xampp\\php'
    'TMP' => '\\xampp\\tmp'
    'HTTP_HOST' => 'localhost'
    'HTTP_CONNECTION' => 'keep-alive'
    'HTTP_UPGRADE_INSECURE_REQUESTS' => '1'
    'HTTP_USER_AGENT' => 'Mozilla/5.0 (Windows NT 10.0; Win64; x64) AppleWebKit/537.36 (KHTML, like Gecko) Chrome/86.0.4240.111 Safari/537.36'
    'HTTP_ACCEPT' => 'text/html,application/xhtml+xml,application/xml;q=0.9,image/avif,image/webp,image/apng,*/*;q=0.8,application/signed-exchange;v=b3;q=0.9'
    'HTTP_SEC_FETCH_SITE' => 'same-origin'
    'HTTP_SEC_FETCH_MODE' => 'navigate'
    'HTTP_SEC_FETCH_USER' => '?1'
    'HTTP_SEC_FETCH_DEST' => 'document'
    'HTTP_REFERER' => 'http://localhost/phoneworld_yii2/backend/web/index.php?r=category'
    'HTTP_ACCEPT_ENCODING' => 'gzip, deflate, br'
    'HTTP_ACCEPT_LANGUAGE' => 'en-US,en;q=0.9'
    'HTTP_COOKIE' => 'advanced-backend=h04pbft5v9u0n8103frhir9fj3; _csrf-backend=b2eac2445462319e962e7cbcd0ecd7473cd27fa8b72701fdc0d7bb7a5ce3ba27a%3A2%3A%7Bi%3A0%3Bs%3A13%3A%22_csrf-backend%22%3Bi%3A1%3Bs%3A32%3A%22UOGQOwlxep7XMGk-6ONEL_Djj8YquCgJ%22%3B%7D'
    'PATH' => 'C:\\Users\\Dung\\Downloads\\Compressed\\WINDOWS.X64_193000_db_home\\bin;C:\\Windows\\system32;C:\\Windows;C:\\Windows\\System32\\Wbem;C:\\Windows\\System32\\WindowsPowerShell\\v1.0\\;C:\\Windows\\System32\\OpenSSH\\;C:\\Program Files (x86)\\Windows Live\\Shared;D:\\Git\\cmd;C:\\xampp\\php;C:\\Users\\Dung\\AppData\\Local\\Programs\\Python\\Python38-32\\Scripts\\;C:\\Users\\Dung\\AppData\\Local\\Programs\\Python\\Python38-32\\;C:\\Users\\Dung\\AppData\\Local\\Microsoft\\WindowsApps;;C:\\Users\\Dung\\AppData\\Local\\Programs\\Microsoft VS Code\\bin'
    'SystemRoot' => 'C:\\Windows'
    'COMSPEC' => 'C:\\Windows\\system32\\cmd.exe'
    'PATHEXT' => '.COM;.EXE;.BAT;.CMD;.VBS;.VBE;.JS;.JSE;.WSF;.WSH;.MSC'
    'WINDIR' => 'C:\\Windows'
    'SERVER_SIGNATURE' => '<address>Apache/2.4.46 (Win64) OpenSSL/1.1.1g PHP/7.4.9 Server at localhost Port 80</address>
'
    'SERVER_SOFTWARE' => 'Apache/2.4.46 (Win64) OpenSSL/1.1.1g PHP/7.4.9'
    'SERVER_NAME' => 'localhost'
    'SERVER_ADDR' => '::1'
    'SERVER_PORT' => '80'
    'REMOTE_ADDR' => '::1'
    'DOCUMENT_ROOT' => 'C:/xampp/htdocs'
    'REQUEST_SCHEME' => 'http'
    'CONTEXT_PREFIX' => ''
    'CONTEXT_DOCUMENT_ROOT' => 'C:/xampp/htdocs'
    'SERVER_ADMIN' => 'postmaster@localhost'
    'SCRIPT_FILENAME' => 'C:/xampp/htdocs/phoneworld_yii2/backend/web/index.php'
    'REMOTE_PORT' => '51546'
    'GATEWAY_INTERFACE' => 'CGI/1.1'
    'SERVER_PROTOCOL' => 'HTTP/1.1'
    'REQUEST_METHOD' => 'GET'
    'QUERY_STRING' => 'r=category'
    'REQUEST_URI' => '/phoneworld_yii2/backend/web/index.php?r=category'
    'SCRIPT_NAME' => '/phoneworld_yii2/backend/web/index.php'
    'PHP_SELF' => '/phoneworld_yii2/backend/web/index.php'
    'REQUEST_TIME_FLOAT' => 1604334656.2018
    'REQUEST_TIME' => 1604334656
]
2020-11-02 17:33:02 [::1][1][h04pbft5v9u0n8103frhir9fj3][error][yii\web\HttpException:404] yii\base\InvalidRouteException: Unable to resolve the request "category". in C:\xampp\htdocs\phoneworld_yii2\vendor\yiisoft\yii2\base\Module.php:537
Stack trace:
#0 C:\xampp\htdocs\phoneworld_yii2\vendor\yiisoft\yii2\web\Application.php(103): yii\base\Module->runAction('category', Array)
#1 C:\xampp\htdocs\phoneworld_yii2\vendor\yiisoft\yii2\base\Application.php(386): yii\web\Application->handleRequest(Object(yii\web\Request))
#2 C:\xampp\htdocs\phoneworld_yii2\backend\web\index.php(17): yii\base\Application->run()
#3 {main}

Next yii\web\NotFoundHttpException: Page not found. in C:\xampp\htdocs\phoneworld_yii2\vendor\yiisoft\yii2\web\Application.php:115
Stack trace:
#0 C:\xampp\htdocs\phoneworld_yii2\vendor\yiisoft\yii2\base\Application.php(386): yii\web\Application->handleRequest(Object(yii\web\Request))
#1 C:\xampp\htdocs\phoneworld_yii2\backend\web\index.php(17): yii\base\Application->run()
#2 {main}
2020-11-02 17:33:02 [::1][1][h04pbft5v9u0n8103frhir9fj3][info][application] $_GET = [
    'r' => 'category'
]

$_POST = []

$_FILES = []

$_COOKIE = [
    'advanced-backend' => 'h04pbft5v9u0n8103frhir9fj3'
    '_csrf-backend' => 'b2eac2445462319e962e7cbcd0ecd7473cd27fa8b72701fdc0d7bb7a5ce3ba27a:2:{i:0;s:13:\"_csrf-backend\";i:1;s:32:\"UOGQOwlxep7XMGk-6ONEL_Djj8YquCgJ\";}'
]

$_SESSION = [
    '__flash' => []
    '__returnUrl' => 'http://localhost/phoneworld_yii2/backend/web/'
    '__id' => 1
]

$_SERVER = [
    'MIBDIRS' => 'C:/xampp/php/extras/mibs'
    'MYSQL_HOME' => '\\xampp\\mysql\\bin'
    'OPENSSL_CONF' => 'C:/xampp/apache/bin/openssl.cnf'
    'PHP_PEAR_SYSCONF_DIR' => '\\xampp\\php'
    'PHPRC' => '\\xampp\\php'
    'TMP' => '\\xampp\\tmp'
    'HTTP_HOST' => 'localhost'
    'HTTP_CONNECTION' => 'keep-alive'
    'HTTP_UPGRADE_INSECURE_REQUESTS' => '1'
    'HTTP_USER_AGENT' => 'Mozilla/5.0 (Windows NT 10.0; Win64; x64) AppleWebKit/537.36 (KHTML, like Gecko) Chrome/86.0.4240.111 Safari/537.36'
    'HTTP_ACCEPT' => 'text/html,application/xhtml+xml,application/xml;q=0.9,image/avif,image/webp,image/apng,*/*;q=0.8,application/signed-exchange;v=b3;q=0.9'
    'HTTP_SEC_FETCH_SITE' => 'same-origin'
    'HTTP_SEC_FETCH_MODE' => 'navigate'
    'HTTP_SEC_FETCH_USER' => '?1'
    'HTTP_SEC_FETCH_DEST' => 'document'
    'HTTP_REFERER' => 'http://localhost/phoneworld_yii2/backend/web/'
    'HTTP_ACCEPT_ENCODING' => 'gzip, deflate, br'
    'HTTP_ACCEPT_LANGUAGE' => 'en-US,en;q=0.9'
    'HTTP_COOKIE' => 'advanced-backend=h04pbft5v9u0n8103frhir9fj3; _csrf-backend=b2eac2445462319e962e7cbcd0ecd7473cd27fa8b72701fdc0d7bb7a5ce3ba27a%3A2%3A%7Bi%3A0%3Bs%3A13%3A%22_csrf-backend%22%3Bi%3A1%3Bs%3A32%3A%22UOGQOwlxep7XMGk-6ONEL_Djj8YquCgJ%22%3B%7D'
    'PATH' => 'C:\\Users\\Dung\\Downloads\\Compressed\\WINDOWS.X64_193000_db_home\\bin;C:\\Windows\\system32;C:\\Windows;C:\\Windows\\System32\\Wbem;C:\\Windows\\System32\\WindowsPowerShell\\v1.0\\;C:\\Windows\\System32\\OpenSSH\\;C:\\Program Files (x86)\\Windows Live\\Shared;D:\\Git\\cmd;C:\\xampp\\php;C:\\Users\\Dung\\AppData\\Local\\Programs\\Python\\Python38-32\\Scripts\\;C:\\Users\\Dung\\AppData\\Local\\Programs\\Python\\Python38-32\\;C:\\Users\\Dung\\AppData\\Local\\Microsoft\\WindowsApps;;C:\\Users\\Dung\\AppData\\Local\\Programs\\Microsoft VS Code\\bin'
    'SystemRoot' => 'C:\\Windows'
    'COMSPEC' => 'C:\\Windows\\system32\\cmd.exe'
    'PATHEXT' => '.COM;.EXE;.BAT;.CMD;.VBS;.VBE;.JS;.JSE;.WSF;.WSH;.MSC'
    'WINDIR' => 'C:\\Windows'
    'SERVER_SIGNATURE' => '<address>Apache/2.4.46 (Win64) OpenSSL/1.1.1g PHP/7.4.9 Server at localhost Port 80</address>
'
    'SERVER_SOFTWARE' => 'Apache/2.4.46 (Win64) OpenSSL/1.1.1g PHP/7.4.9'
    'SERVER_NAME' => 'localhost'
    'SERVER_ADDR' => '::1'
    'SERVER_PORT' => '80'
    'REMOTE_ADDR' => '::1'
    'DOCUMENT_ROOT' => 'C:/xampp/htdocs'
    'REQUEST_SCHEME' => 'http'
    'CONTEXT_PREFIX' => ''
    'CONTEXT_DOCUMENT_ROOT' => 'C:/xampp/htdocs'
    'SERVER_ADMIN' => 'postmaster@localhost'
    'SCRIPT_FILENAME' => 'C:/xampp/htdocs/phoneworld_yii2/backend/web/index.php'
    'REMOTE_PORT' => '51574'
    'GATEWAY_INTERFACE' => 'CGI/1.1'
    'SERVER_PROTOCOL' => 'HTTP/1.1'
    'REQUEST_METHOD' => 'GET'
    'QUERY_STRING' => 'r=category'
    'REQUEST_URI' => '/phoneworld_yii2/backend/web/index.php?r=category'
    'SCRIPT_NAME' => '/phoneworld_yii2/backend/web/index.php'
    'PHP_SELF' => '/phoneworld_yii2/backend/web/index.php'
    'REQUEST_TIME_FLOAT' => 1604334782.4367
    'REQUEST_TIME' => 1604334782
]
2020-11-02 17:34:47 [::1][1][h04pbft5v9u0n8103frhir9fj3][error][yii\web\HttpException:404] yii\base\InvalidRouteException: Unable to resolve the request "category". in C:\xampp\htdocs\phoneworld_yii2\vendor\yiisoft\yii2\base\Module.php:537
Stack trace:
#0 C:\xampp\htdocs\phoneworld_yii2\vendor\yiisoft\yii2\web\Application.php(103): yii\base\Module->runAction('category', Array)
#1 C:\xampp\htdocs\phoneworld_yii2\vendor\yiisoft\yii2\base\Application.php(386): yii\web\Application->handleRequest(Object(yii\web\Request))
#2 C:\xampp\htdocs\phoneworld_yii2\backend\web\index.php(17): yii\base\Application->run()
#3 {main}

Next yii\web\NotFoundHttpException: Page not found. in C:\xampp\htdocs\phoneworld_yii2\vendor\yiisoft\yii2\web\Application.php:115
Stack trace:
#0 C:\xampp\htdocs\phoneworld_yii2\vendor\yiisoft\yii2\base\Application.php(386): yii\web\Application->handleRequest(Object(yii\web\Request))
#1 C:\xampp\htdocs\phoneworld_yii2\backend\web\index.php(17): yii\base\Application->run()
#2 {main}
2020-11-02 17:34:47 [::1][1][h04pbft5v9u0n8103frhir9fj3][info][application] $_GET = [
    'r' => 'category'
]

$_POST = []

$_FILES = []

$_COOKIE = [
    'advanced-backend' => 'h04pbft5v9u0n8103frhir9fj3'
    '_csrf-backend' => 'b2eac2445462319e962e7cbcd0ecd7473cd27fa8b72701fdc0d7bb7a5ce3ba27a:2:{i:0;s:13:\"_csrf-backend\";i:1;s:32:\"UOGQOwlxep7XMGk-6ONEL_Djj8YquCgJ\";}'
]

$_SESSION = [
    '__flash' => []
    '__returnUrl' => 'http://localhost/phoneworld_yii2/backend/web/'
    '__id' => 1
]

$_SERVER = [
    'MIBDIRS' => 'C:/xampp/php/extras/mibs'
    'MYSQL_HOME' => '\\xampp\\mysql\\bin'
    'OPENSSL_CONF' => 'C:/xampp/apache/bin/openssl.cnf'
    'PHP_PEAR_SYSCONF_DIR' => '\\xampp\\php'
    'PHPRC' => '\\xampp\\php'
    'TMP' => '\\xampp\\tmp'
    'HTTP_HOST' => 'localhost'
    'HTTP_CONNECTION' => 'keep-alive'
    'HTTP_UPGRADE_INSECURE_REQUESTS' => '1'
    'HTTP_USER_AGENT' => 'Mozilla/5.0 (Windows NT 10.0; Win64; x64) AppleWebKit/537.36 (KHTML, like Gecko) Chrome/86.0.4240.111 Safari/537.36'
    'HTTP_ACCEPT' => 'text/html,application/xhtml+xml,application/xml;q=0.9,image/avif,image/webp,image/apng,*/*;q=0.8,application/signed-exchange;v=b3;q=0.9'
    'HTTP_SEC_FETCH_SITE' => 'same-origin'
    'HTTP_SEC_FETCH_MODE' => 'navigate'
    'HTTP_SEC_FETCH_USER' => '?1'
    'HTTP_SEC_FETCH_DEST' => 'document'
    'HTTP_REFERER' => 'http://localhost/phoneworld_yii2/backend/web/'
    'HTTP_ACCEPT_ENCODING' => 'gzip, deflate, br'
    'HTTP_ACCEPT_LANGUAGE' => 'en-US,en;q=0.9'
    'HTTP_COOKIE' => 'advanced-backend=h04pbft5v9u0n8103frhir9fj3; _csrf-backend=b2eac2445462319e962e7cbcd0ecd7473cd27fa8b72701fdc0d7bb7a5ce3ba27a%3A2%3A%7Bi%3A0%3Bs%3A13%3A%22_csrf-backend%22%3Bi%3A1%3Bs%3A32%3A%22UOGQOwlxep7XMGk-6ONEL_Djj8YquCgJ%22%3B%7D'
    'PATH' => 'C:\\Users\\Dung\\Downloads\\Compressed\\WINDOWS.X64_193000_db_home\\bin;C:\\Windows\\system32;C:\\Windows;C:\\Windows\\System32\\Wbem;C:\\Windows\\System32\\WindowsPowerShell\\v1.0\\;C:\\Windows\\System32\\OpenSSH\\;C:\\Program Files (x86)\\Windows Live\\Shared;D:\\Git\\cmd;C:\\xampp\\php;C:\\Users\\Dung\\AppData\\Local\\Programs\\Python\\Python38-32\\Scripts\\;C:\\Users\\Dung\\AppData\\Local\\Programs\\Python\\Python38-32\\;C:\\Users\\Dung\\AppData\\Local\\Microsoft\\WindowsApps;;C:\\Users\\Dung\\AppData\\Local\\Programs\\Microsoft VS Code\\bin'
    'SystemRoot' => 'C:\\Windows'
    'COMSPEC' => 'C:\\Windows\\system32\\cmd.exe'
    'PATHEXT' => '.COM;.EXE;.BAT;.CMD;.VBS;.VBE;.JS;.JSE;.WSF;.WSH;.MSC'
    'WINDIR' => 'C:\\Windows'
    'SERVER_SIGNATURE' => '<address>Apache/2.4.46 (Win64) OpenSSL/1.1.1g PHP/7.4.9 Server at localhost Port 80</address>
'
    'SERVER_SOFTWARE' => 'Apache/2.4.46 (Win64) OpenSSL/1.1.1g PHP/7.4.9'
    'SERVER_NAME' => 'localhost'
    'SERVER_ADDR' => '::1'
    'SERVER_PORT' => '80'
    'REMOTE_ADDR' => '::1'
    'DOCUMENT_ROOT' => 'C:/xampp/htdocs'
    'REQUEST_SCHEME' => 'http'
    'CONTEXT_PREFIX' => ''
    'CONTEXT_DOCUMENT_ROOT' => 'C:/xampp/htdocs'
    'SERVER_ADMIN' => 'postmaster@localhost'
    'SCRIPT_FILENAME' => 'C:/xampp/htdocs/phoneworld_yii2/backend/web/index.php'
    'REMOTE_PORT' => '51610'
    'GATEWAY_INTERFACE' => 'CGI/1.1'
    'SERVER_PROTOCOL' => 'HTTP/1.1'
    'REQUEST_METHOD' => 'GET'
    'QUERY_STRING' => 'r=category'
    'REQUEST_URI' => '/phoneworld_yii2/backend/web/index.php?r=category'
    'SCRIPT_NAME' => '/phoneworld_yii2/backend/web/index.php'
    'PHP_SELF' => '/phoneworld_yii2/backend/web/index.php'
    'REQUEST_TIME_FLOAT' => 1604334887.7369
    'REQUEST_TIME' => 1604334887
]
2020-11-02 17:43:21 [::1][1][h04pbft5v9u0n8103frhir9fj3][error][yii\web\HttpException:404] yii\base\InvalidRouteException: Unable to resolve the request "category". in C:\xampp\htdocs\phoneworld_yii2\vendor\yiisoft\yii2\base\Module.php:537
Stack trace:
#0 C:\xampp\htdocs\phoneworld_yii2\vendor\yiisoft\yii2\web\Application.php(103): yii\base\Module->runAction('category', Array)
#1 C:\xampp\htdocs\phoneworld_yii2\vendor\yiisoft\yii2\base\Application.php(386): yii\web\Application->handleRequest(Object(yii\web\Request))
#2 C:\xampp\htdocs\phoneworld_yii2\backend\web\index.php(17): yii\base\Application->run()
#3 {main}

Next yii\web\NotFoundHttpException: Page not found. in C:\xampp\htdocs\phoneworld_yii2\vendor\yiisoft\yii2\web\Application.php:115
Stack trace:
#0 C:\xampp\htdocs\phoneworld_yii2\vendor\yiisoft\yii2\base\Application.php(386): yii\web\Application->handleRequest(Object(yii\web\Request))
#1 C:\xampp\htdocs\phoneworld_yii2\backend\web\index.php(17): yii\base\Application->run()
#2 {main}
2020-11-02 17:43:20 [::1][1][h04pbft5v9u0n8103frhir9fj3][info][application] $_GET = [
    'r' => 'category'
]

$_POST = []

$_FILES = []

$_COOKIE = [
    'advanced-backend' => 'h04pbft5v9u0n8103frhir9fj3'
    '_csrf-backend' => 'b2eac2445462319e962e7cbcd0ecd7473cd27fa8b72701fdc0d7bb7a5ce3ba27a:2:{i:0;s:13:\"_csrf-backend\";i:1;s:32:\"UOGQOwlxep7XMGk-6ONEL_Djj8YquCgJ\";}'
]

$_SESSION = [
    '__flash' => []
    '__returnUrl' => 'http://localhost/phoneworld_yii2/backend/web/'
    '__id' => 1
]

$_SERVER = [
    'MIBDIRS' => 'C:/xampp/php/extras/mibs'
    'MYSQL_HOME' => '\\xampp\\mysql\\bin'
    'OPENSSL_CONF' => 'C:/xampp/apache/bin/openssl.cnf'
    'PHP_PEAR_SYSCONF_DIR' => '\\xampp\\php'
    'PHPRC' => '\\xampp\\php'
    'TMP' => '\\xampp\\tmp'
    'HTTP_HOST' => 'localhost'
    'HTTP_CONNECTION' => 'keep-alive'
    'HTTP_UPGRADE_INSECURE_REQUESTS' => '1'
    'HTTP_USER_AGENT' => 'Mozilla/5.0 (Windows NT 10.0; Win64; x64) AppleWebKit/537.36 (KHTML, like Gecko) Chrome/86.0.4240.111 Safari/537.36'
    'HTTP_ACCEPT' => 'text/html,application/xhtml+xml,application/xml;q=0.9,image/avif,image/webp,image/apng,*/*;q=0.8,application/signed-exchange;v=b3;q=0.9'
    'HTTP_SEC_FETCH_SITE' => 'same-origin'
    'HTTP_SEC_FETCH_MODE' => 'navigate'
    'HTTP_SEC_FETCH_USER' => '?1'
    'HTTP_SEC_FETCH_DEST' => 'document'
    'HTTP_REFERER' => 'http://localhost/phoneworld_yii2/backend/web/'
    'HTTP_ACCEPT_ENCODING' => 'gzip, deflate, br'
    'HTTP_ACCEPT_LANGUAGE' => 'en-US,en;q=0.9'
    'HTTP_COOKIE' => 'advanced-backend=h04pbft5v9u0n8103frhir9fj3; _csrf-backend=b2eac2445462319e962e7cbcd0ecd7473cd27fa8b72701fdc0d7bb7a5ce3ba27a%3A2%3A%7Bi%3A0%3Bs%3A13%3A%22_csrf-backend%22%3Bi%3A1%3Bs%3A32%3A%22UOGQOwlxep7XMGk-6ONEL_Djj8YquCgJ%22%3B%7D'
    'PATH' => 'C:\\Users\\Dung\\Downloads\\Compressed\\WINDOWS.X64_193000_db_home\\bin;C:\\Windows\\system32;C:\\Windows;C:\\Windows\\System32\\Wbem;C:\\Windows\\System32\\WindowsPowerShell\\v1.0\\;C:\\Windows\\System32\\OpenSSH\\;C:\\Program Files (x86)\\Windows Live\\Shared;D:\\Git\\cmd;C:\\xampp\\php;C:\\Users\\Dung\\AppData\\Local\\Programs\\Python\\Python38-32\\Scripts\\;C:\\Users\\Dung\\AppData\\Local\\Programs\\Python\\Python38-32\\;C:\\Users\\Dung\\AppData\\Local\\Microsoft\\WindowsApps;;C:\\Users\\Dung\\AppData\\Local\\Programs\\Microsoft VS Code\\bin'
    'SystemRoot' => 'C:\\Windows'
    'COMSPEC' => 'C:\\Windows\\system32\\cmd.exe'
    'PATHEXT' => '.COM;.EXE;.BAT;.CMD;.VBS;.VBE;.JS;.JSE;.WSF;.WSH;.MSC'
    'WINDIR' => 'C:\\Windows'
    'SERVER_SIGNATURE' => '<address>Apache/2.4.46 (Win64) OpenSSL/1.1.1g PHP/7.4.9 Server at localhost Port 80</address>
'
    'SERVER_SOFTWARE' => 'Apache/2.4.46 (Win64) OpenSSL/1.1.1g PHP/7.4.9'
    'SERVER_NAME' => 'localhost'
    'SERVER_ADDR' => '::1'
    'SERVER_PORT' => '80'
    'REMOTE_ADDR' => '::1'
    'DOCUMENT_ROOT' => 'C:/xampp/htdocs'
    'REQUEST_SCHEME' => 'http'
    'CONTEXT_PREFIX' => ''
    'CONTEXT_DOCUMENT_ROOT' => 'C:/xampp/htdocs'
    'SERVER_ADMIN' => 'postmaster@localhost'
    'SCRIPT_FILENAME' => 'C:/xampp/htdocs/phoneworld_yii2/backend/web/index.php'
    'REMOTE_PORT' => '51665'
    'GATEWAY_INTERFACE' => 'CGI/1.1'
    'SERVER_PROTOCOL' => 'HTTP/1.1'
    'REQUEST_METHOD' => 'GET'
    'QUERY_STRING' => 'r=category'
    'REQUEST_URI' => '/phoneworld_yii2/backend/web/index.php?r=category'
    'SCRIPT_NAME' => '/phoneworld_yii2/backend/web/index.php'
    'PHP_SELF' => '/phoneworld_yii2/backend/web/index.php'
    'REQUEST_TIME_FLOAT' => 1604335400.9056
    'REQUEST_TIME' => 1604335400
]
2020-11-02 17:43:37 [::1][1][h04pbft5v9u0n8103frhir9fj3][error][yii\web\HttpException:404] yii\base\InvalidRouteException: Unable to resolve the request "category". in C:\xampp\htdocs\phoneworld_yii2\vendor\yiisoft\yii2\base\Module.php:537
Stack trace:
#0 C:\xampp\htdocs\phoneworld_yii2\vendor\yiisoft\yii2\web\Application.php(103): yii\base\Module->runAction('category', Array)
#1 C:\xampp\htdocs\phoneworld_yii2\vendor\yiisoft\yii2\base\Application.php(386): yii\web\Application->handleRequest(Object(yii\web\Request))
#2 C:\xampp\htdocs\phoneworld_yii2\backend\web\index.php(17): yii\base\Application->run()
#3 {main}

Next yii\web\NotFoundHttpException: Page not found. in C:\xampp\htdocs\phoneworld_yii2\vendor\yiisoft\yii2\web\Application.php:115
Stack trace:
#0 C:\xampp\htdocs\phoneworld_yii2\vendor\yiisoft\yii2\base\Application.php(386): yii\web\Application->handleRequest(Object(yii\web\Request))
#1 C:\xampp\htdocs\phoneworld_yii2\backend\web\index.php(17): yii\base\Application->run()
#2 {main}
2020-11-02 17:43:37 [::1][1][h04pbft5v9u0n8103frhir9fj3][info][application] $_GET = [
    'r' => 'category'
]

$_POST = []

$_FILES = []

$_COOKIE = [
    'advanced-backend' => 'h04pbft5v9u0n8103frhir9fj3'
    '_csrf-backend' => 'b2eac2445462319e962e7cbcd0ecd7473cd27fa8b72701fdc0d7bb7a5ce3ba27a:2:{i:0;s:13:\"_csrf-backend\";i:1;s:32:\"UOGQOwlxep7XMGk-6ONEL_Djj8YquCgJ\";}'
]

$_SESSION = [
    '__flash' => []
    '__returnUrl' => 'http://localhost/phoneworld_yii2/backend/web/'
    '__id' => 1
]

$_SERVER = [
    'MIBDIRS' => 'C:/xampp/php/extras/mibs'
    'MYSQL_HOME' => '\\xampp\\mysql\\bin'
    'OPENSSL_CONF' => 'C:/xampp/apache/bin/openssl.cnf'
    'PHP_PEAR_SYSCONF_DIR' => '\\xampp\\php'
    'PHPRC' => '\\xampp\\php'
    'TMP' => '\\xampp\\tmp'
    'HTTP_HOST' => 'localhost'
    'HTTP_CONNECTION' => 'keep-alive'
    'HTTP_UPGRADE_INSECURE_REQUESTS' => '1'
    'HTTP_USER_AGENT' => 'Mozilla/5.0 (Windows NT 10.0; Win64; x64) AppleWebKit/537.36 (KHTML, like Gecko) Chrome/86.0.4240.111 Safari/537.36'
    'HTTP_ACCEPT' => 'text/html,application/xhtml+xml,application/xml;q=0.9,image/avif,image/webp,image/apng,*/*;q=0.8,application/signed-exchange;v=b3;q=0.9'
    'HTTP_SEC_FETCH_SITE' => 'same-origin'
    'HTTP_SEC_FETCH_MODE' => 'navigate'
    'HTTP_SEC_FETCH_USER' => '?1'
    'HTTP_SEC_FETCH_DEST' => 'document'
    'HTTP_REFERER' => 'http://localhost/phoneworld_yii2/backend/web/'
    'HTTP_ACCEPT_ENCODING' => 'gzip, deflate, br'
    'HTTP_ACCEPT_LANGUAGE' => 'en-US,en;q=0.9'
    'HTTP_COOKIE' => 'advanced-backend=h04pbft5v9u0n8103frhir9fj3; _csrf-backend=b2eac2445462319e962e7cbcd0ecd7473cd27fa8b72701fdc0d7bb7a5ce3ba27a%3A2%3A%7Bi%3A0%3Bs%3A13%3A%22_csrf-backend%22%3Bi%3A1%3Bs%3A32%3A%22UOGQOwlxep7XMGk-6ONEL_Djj8YquCgJ%22%3B%7D'
    'PATH' => 'C:\\Users\\Dung\\Downloads\\Compressed\\WINDOWS.X64_193000_db_home\\bin;C:\\Windows\\system32;C:\\Windows;C:\\Windows\\System32\\Wbem;C:\\Windows\\System32\\WindowsPowerShell\\v1.0\\;C:\\Windows\\System32\\OpenSSH\\;C:\\Program Files (x86)\\Windows Live\\Shared;D:\\Git\\cmd;C:\\xampp\\php;C:\\Users\\Dung\\AppData\\Local\\Programs\\Python\\Python38-32\\Scripts\\;C:\\Users\\Dung\\AppData\\Local\\Programs\\Python\\Python38-32\\;C:\\Users\\Dung\\AppData\\Local\\Microsoft\\WindowsApps;;C:\\Users\\Dung\\AppData\\Local\\Programs\\Microsoft VS Code\\bin'
    'SystemRoot' => 'C:\\Windows'
    'COMSPEC' => 'C:\\Windows\\system32\\cmd.exe'
    'PATHEXT' => '.COM;.EXE;.BAT;.CMD;.VBS;.VBE;.JS;.JSE;.WSF;.WSH;.MSC'
    'WINDIR' => 'C:\\Windows'
    'SERVER_SIGNATURE' => '<address>Apache/2.4.46 (Win64) OpenSSL/1.1.1g PHP/7.4.9 Server at localhost Port 80</address>
'
    'SERVER_SOFTWARE' => 'Apache/2.4.46 (Win64) OpenSSL/1.1.1g PHP/7.4.9'
    'SERVER_NAME' => 'localhost'
    'SERVER_ADDR' => '::1'
    'SERVER_PORT' => '80'
    'REMOTE_ADDR' => '::1'
    'DOCUMENT_ROOT' => 'C:/xampp/htdocs'
    'REQUEST_SCHEME' => 'http'
    'CONTEXT_PREFIX' => ''
    'CONTEXT_DOCUMENT_ROOT' => 'C:/xampp/htdocs'
    'SERVER_ADMIN' => 'postmaster@localhost'
    'SCRIPT_FILENAME' => 'C:/xampp/htdocs/phoneworld_yii2/backend/web/index.php'
    'REMOTE_PORT' => '51672'
    'GATEWAY_INTERFACE' => 'CGI/1.1'
    'SERVER_PROTOCOL' => 'HTTP/1.1'
    'REQUEST_METHOD' => 'GET'
    'QUERY_STRING' => 'r=category'
    'REQUEST_URI' => '/phoneworld_yii2/backend/web/index.php?r=category'
    'SCRIPT_NAME' => '/phoneworld_yii2/backend/web/index.php'
    'PHP_SELF' => '/phoneworld_yii2/backend/web/index.php'
    'REQUEST_TIME_FLOAT' => 1604335417.0397
    'REQUEST_TIME' => 1604335417
]
